<?xml version="1.0" encoding="UTF-8"?>
<testng-results ignored="0" total="1" passed="1" failed="0" skipped="0">
  <reporter-output>
  </reporter-output>
  <suite started-at="2024-11-11T02:19:06 PKT" name="EcommerceTestSuite" finished-at="2024-11-11T02:24:41 PKT" duration-ms="334782">
    <groups>
    </groups>
    <test started-at="2024-11-11T02:19:06 PKT" name="ProductSearchToCheckoutTest" finished-at="2024-11-11T02:24:41 PKT" duration-ms="334782">
      <class name="mumzworld.tests.ProductSearchToCheckoutTest">
        <test-method is-config="true" signature="setup()[pri:0, instance:mumzworld.tests.ProductSearchToCheckoutTest@5119fb47]" started-at="2024-11-11T02:19:06 PKT" name="setup" finished-at="2024-11-11T02:20:56 PKT" duration-ms="109550" status="PASS">
          <reporter-output>
          </reporter-output>
        </test-method> <!-- setup -->
        <test-method signature="verify_ProductSearchToCheckoutTest()[pri:0, instance:mumzworld.tests.ProductSearchToCheckoutTest@5119fb47]" started-at="2024-11-11T02:20:56 PKT" name="verify_ProductSearchToCheckoutTest" finished-at="2024-11-11T02:24:41 PKT" duration-ms="224791" status="PASS">
          <reporter-output>
          </reporter-output>
        </test-method> <!-- verify_ProductSearchToCheckoutTest -->
        <test-method is-config="true" signature="closeDriver()[pri:0, instance:mumzworld.tests.ProductSearchToCheckoutTest@5119fb47]" started-at="2024-11-11T02:24:41 PKT" name="closeDriver" finished-at="2024-11-11T02:24:41 PKT" duration-ms="377" status="PASS">
          <reporter-output>
          </reporter-output>
        </test-method> <!-- closeDriver -->
      </class> <!-- mumzworld.tests.ProductSearchToCheckoutTest -->
    </test> <!-- ProductSearchToCheckoutTest -->
  </suite> <!-- EcommerceTestSuite -->
</testng-results>
